<?xml version="1.0" encoding="UTF-8"?>
<!-- Generated by org.testng.reporters.JUnitReportReporter -->
<testsuite hostname="LAPTOP-MB7DGVQG" failures="0" tests="1" name="stctest.sepv2357.NewTest1" time="89.417" errors="0" timestamp="01 Sep 2023 10:48:49 GMT" skipped="0">
  <testcase classname="stctest.sepv2357.NewTest1" name="f" time="89.417"/>
</testsuite> <!-- stctest.sepv2357.NewTest1 -->
