<?xml version="1.0" encoding="UTF-8"?>
<!-- Generated by org.testng.reporters.JUnitReportReporter -->
<testsuite hostname="LAPTOP-MB7DGVQG" failures="0" tests="1" name="stctest.sepv2357.NewTest2" time="7.195" errors="0" timestamp="2023-09-02T12:31:09 IST" skipped="0">
  <testcase classname="stctest.sepv2357.NewTest2" name="f" time="7.195"/>
  <system-out/>
</testsuite> <!-- stctest.sepv2357.NewTest2 -->
